Start testing: Aug 11 12:56 +03
----------------------------------------------------------
1/11 Testing: ArenaAllocator.BasicAllocation
1/11 Test: ArenaAllocator.BasicAllocation
Command: "/home/semih/Repository/zero-latency-telemetry-ingestion-engine/build/tests/zlte_tests" "--gtest_filter=ArenaAllocator.BasicAllocation" "--gtest_also_run_disabled_tests"
Directory: /home/semih/Repository/zero-latency-telemetry-ingestion-engine/build/tests
"ArenaAllocator.BasicAllocation" start time: Aug 11 12:56 +03
Output:
----------------------------------------------------------
Running main() from /home/semih/Repository/zero-latency-telemetry-ingestion-engine/build/_deps/googletest-src/googletest/src/gtest_main.cc
Note: Google Test filter = ArenaAllocator.BasicAllocation
[==========] Running 1 test from 1 test suite.
[----------] Global test environment set-up.
[----------] 1 test from ArenaAllocator
[ RUN      ] ArenaAllocator.BasicAllocation
[       OK ] ArenaAllocator.BasicAllocation (0 ms)
[----------] 1 test from ArenaAllocator (0 ms total)

[----------] Global test environment tear-down
[==========] 1 test from 1 test suite ran. (1 ms total)
[  PASSED  ] 1 test.
<end of output>
Test time =   0.04 sec
----------------------------------------------------------
Test Passed.
"ArenaAllocator.BasicAllocation" end time: Aug 11 12:56 +03
"ArenaAllocator.BasicAllocation" time elapsed: 00:00:00
----------------------------------------------------------

2/11 Testing: ArenaAllocator.AlignmentIsRespected
2/11 Test: ArenaAllocator.AlignmentIsRespected
Command: "/home/semih/Repository/zero-latency-telemetry-ingestion-engine/build/tests/zlte_tests" "--gtest_filter=ArenaAllocator.AlignmentIsRespected" "--gtest_also_run_disabled_tests"
Directory: /home/semih/Repository/zero-latency-telemetry-ingestion-engine/build/tests
"ArenaAllocator.AlignmentIsRespected" start time: Aug 11 12:56 +03
Output:
----------------------------------------------------------
Running main() from /home/semih/Repository/zero-latency-telemetry-ingestion-engine/build/_deps/googletest-src/googletest/src/gtest_main.cc
Note: Google Test filter = ArenaAllocator.AlignmentIsRespected
[==========] Running 1 test from 1 test suite.
[----------] Global test environment set-up.
[----------] 1 test from ArenaAllocator
[ RUN      ] ArenaAllocator.AlignmentIsRespected
[       OK ] ArenaAllocator.AlignmentIsRespected (0 ms)
[----------] 1 test from ArenaAllocator (0 ms total)

[----------] Global test environment tear-down
[==========] 1 test from 1 test suite ran. (1 ms total)
[  PASSED  ] 1 test.
<end of output>
Test time =   0.06 sec
----------------------------------------------------------
Test Passed.
"ArenaAllocator.AlignmentIsRespected" end time: Aug 11 12:56 +03
"ArenaAllocator.AlignmentIsRespected" time elapsed: 00:00:00
----------------------------------------------------------

3/11 Testing: ArenaAllocator.BadAlignmentRejected
3/11 Test: ArenaAllocator.BadAlignmentRejected
Command: "/home/semih/Repository/zero-latency-telemetry-ingestion-engine/build/tests/zlte_tests" "--gtest_filter=ArenaAllocator.BadAlignmentRejected" "--gtest_also_run_disabled_tests"
Directory: /home/semih/Repository/zero-latency-telemetry-ingestion-engine/build/tests
"ArenaAllocator.BadAlignmentRejected" start time: Aug 11 12:56 +03
Output:
----------------------------------------------------------
Running main() from /home/semih/Repository/zero-latency-telemetry-ingestion-engine/build/_deps/googletest-src/googletest/src/gtest_main.cc
Note: Google Test filter = ArenaAllocator.BadAlignmentRejected
[==========] Running 1 test from 1 test suite.
[----------] Global test environment set-up.
[----------] 1 test from ArenaAllocator
[ RUN      ] ArenaAllocator.BadAlignmentRejected
[       OK ] ArenaAllocator.BadAlignmentRejected (0 ms)
[----------] 1 test from ArenaAllocator (0 ms total)

[----------] Global test environment tear-down
[==========] 1 test from 1 test suite ran. (0 ms total)
[  PASSED  ] 1 test.
<end of output>
Test time =   0.04 sec
----------------------------------------------------------
Test Passed.
"ArenaAllocator.BadAlignmentRejected" end time: Aug 11 12:56 +03
"ArenaAllocator.BadAlignmentRejected" time elapsed: 00:00:00
----------------------------------------------------------

4/11 Testing: ArenaAllocator.OutOfMemoryReturnsError
4/11 Test: ArenaAllocator.OutOfMemoryReturnsError
Command: "/home/semih/Repository/zero-latency-telemetry-ingestion-engine/build/tests/zlte_tests" "--gtest_filter=ArenaAllocator.OutOfMemoryReturnsError" "--gtest_also_run_disabled_tests"
Directory: /home/semih/Repository/zero-latency-telemetry-ingestion-engine/build/tests
"ArenaAllocator.OutOfMemoryReturnsError" start time: Aug 11 12:56 +03
Output:
----------------------------------------------------------
Running main() from /home/semih/Repository/zero-latency-telemetry-ingestion-engine/build/_deps/googletest-src/googletest/src/gtest_main.cc
Note: Google Test filter = ArenaAllocator.OutOfMemoryReturnsError
[==========] Running 1 test from 1 test suite.
[----------] Global test environment set-up.
[----------] 1 test from ArenaAllocator
[ RUN      ] ArenaAllocator.OutOfMemoryReturnsError
[       OK ] ArenaAllocator.OutOfMemoryReturnsError (0 ms)
[----------] 1 test from ArenaAllocator (0 ms total)

[----------] Global test environment tear-down
[==========] 1 test from 1 test suite ran. (0 ms total)
[  PASSED  ] 1 test.
<end of output>
Test time =   0.04 sec
----------------------------------------------------------
Test Passed.
"ArenaAllocator.OutOfMemoryReturnsError" end time: Aug 11 12:56 +03
"ArenaAllocator.OutOfMemoryReturnsError" time elapsed: 00:00:00
----------------------------------------------------------

5/11 Testing: ArenaAllocator.ResetReclaims
5/11 Test: ArenaAllocator.ResetReclaims
Command: "/home/semih/Repository/zero-latency-telemetry-ingestion-engine/build/tests/zlte_tests" "--gtest_filter=ArenaAllocator.ResetReclaims" "--gtest_also_run_disabled_tests"
Directory: /home/semih/Repository/zero-latency-telemetry-ingestion-engine/build/tests
"ArenaAllocator.ResetReclaims" start time: Aug 11 12:56 +03
Output:
----------------------------------------------------------
Running main() from /home/semih/Repository/zero-latency-telemetry-ingestion-engine/build/_deps/googletest-src/googletest/src/gtest_main.cc
Note: Google Test filter = ArenaAllocator.ResetReclaims
[==========] Running 1 test from 1 test suite.
[----------] Global test environment set-up.
[----------] 1 test from ArenaAllocator
[ RUN      ] ArenaAllocator.ResetReclaims
[       OK ] ArenaAllocator.ResetReclaims (0 ms)
[----------] 1 test from ArenaAllocator (0 ms total)

[----------] Global test environment tear-down
[==========] 1 test from 1 test suite ran. (0 ms total)
[  PASSED  ] 1 test.
<end of output>
Test time =   0.04 sec
----------------------------------------------------------
Test Passed.
"ArenaAllocator.ResetReclaims" end time: Aug 11 12:56 +03
"ArenaAllocator.ResetReclaims" time elapsed: 00:00:00
----------------------------------------------------------

6/11 Testing: ArenaAllocator.AllocationsDoNotOverlap
6/11 Test: ArenaAllocator.AllocationsDoNotOverlap
Command: "/home/semih/Repository/zero-latency-telemetry-ingestion-engine/build/tests/zlte_tests" "--gtest_filter=ArenaAllocator.AllocationsDoNotOverlap" "--gtest_also_run_disabled_tests"
Directory: /home/semih/Repository/zero-latency-telemetry-ingestion-engine/build/tests
"ArenaAllocator.AllocationsDoNotOverlap" start time: Aug 11 12:56 +03
Output:
----------------------------------------------------------
Running main() from /home/semih/Repository/zero-latency-telemetry-ingestion-engine/build/_deps/googletest-src/googletest/src/gtest_main.cc
Note: Google Test filter = ArenaAllocator.AllocationsDoNotOverlap
[==========] Running 1 test from 1 test suite.
[----------] Global test environment set-up.
[----------] 1 test from ArenaAllocator
[ RUN      ] ArenaAllocator.AllocationsDoNotOverlap
[       OK ] ArenaAllocator.AllocationsDoNotOverlap (8 ms)
[----------] 1 test from ArenaAllocator (8 ms total)

[----------] Global test environment tear-down
[==========] 1 test from 1 test suite ran. (8 ms total)
[  PASSED  ] 1 test.
<end of output>
Test time =   0.05 sec
----------------------------------------------------------
Test Passed.
"ArenaAllocator.AllocationsDoNotOverlap" end time: Aug 11 12:56 +03
"ArenaAllocator.AllocationsDoNotOverlap" time elapsed: 00:00:00
----------------------------------------------------------

7/11 Testing: PacketPool.AcquireReturnsCorrectSize
7/11 Test: PacketPool.AcquireReturnsCorrectSize
Command: "/home/semih/Repository/zero-latency-telemetry-ingestion-engine/build/tests/zlte_tests" "--gtest_filter=PacketPool.AcquireReturnsCorrectSize" "--gtest_also_run_disabled_tests"
Directory: /home/semih/Repository/zero-latency-telemetry-ingestion-engine/build/tests
"PacketPool.AcquireReturnsCorrectSize" start time: Aug 11 12:56 +03
Output:
----------------------------------------------------------
Running main() from /home/semih/Repository/zero-latency-telemetry-ingestion-engine/build/_deps/googletest-src/googletest/src/gtest_main.cc
Note: Google Test filter = PacketPool.AcquireReturnsCorrectSize
[==========] Running 1 test from 1 test suite.
[----------] Global test environment set-up.
[----------] 1 test from PacketPool
[ RUN      ] PacketPool.AcquireReturnsCorrectSize
[       OK ] PacketPool.AcquireReturnsCorrectSize (0 ms)
[----------] 1 test from PacketPool (0 ms total)

[----------] Global test environment tear-down
[==========] 1 test from 1 test suite ran. (1 ms total)
[  PASSED  ] 1 test.
<end of output>
Test time =   0.04 sec
----------------------------------------------------------
Test Passed.
"PacketPool.AcquireReturnsCorrectSize" end time: Aug 11 12:56 +03
"PacketPool.AcquireReturnsCorrectSize" time elapsed: 00:00:00
----------------------------------------------------------

8/11 Testing: PacketPool.ReleaseRestoresAvailability
8/11 Test: PacketPool.ReleaseRestoresAvailability
Command: "/home/semih/Repository/zero-latency-telemetry-ingestion-engine/build/tests/zlte_tests" "--gtest_filter=PacketPool.ReleaseRestoresAvailability" "--gtest_also_run_disabled_tests"
Directory: /home/semih/Repository/zero-latency-telemetry-ingestion-engine/build/tests
"PacketPool.ReleaseRestoresAvailability" start time: Aug 11 12:56 +03
Output:
----------------------------------------------------------
Running main() from /home/semih/Repository/zero-latency-telemetry-ingestion-engine/build/_deps/googletest-src/googletest/src/gtest_main.cc
Note: Google Test filter = PacketPool.ReleaseRestoresAvailability
[==========] Running 1 test from 1 test suite.
[----------] Global test environment set-up.
[----------] 1 test from PacketPool
[ RUN      ] PacketPool.ReleaseRestoresAvailability
[       OK ] PacketPool.ReleaseRestoresAvailability (0 ms)
[----------] 1 test from PacketPool (0 ms total)

[----------] Global test environment tear-down
[==========] 1 test from 1 test suite ran. (0 ms total)
[  PASSED  ] 1 test.
<end of output>
Test time =   0.03 sec
----------------------------------------------------------
Test Passed.
"PacketPool.ReleaseRestoresAvailability" end time: Aug 11 12:56 +03
"PacketPool.ReleaseRestoresAvailability" time elapsed: 00:00:00
----------------------------------------------------------

9/11 Testing: PacketPool.ExhaustionReturnsError
9/11 Test: PacketPool.ExhaustionReturnsError
Command: "/home/semih/Repository/zero-latency-telemetry-ingestion-engine/build/tests/zlte_tests" "--gtest_filter=PacketPool.ExhaustionReturnsError" "--gtest_also_run_disabled_tests"
Directory: /home/semih/Repository/zero-latency-telemetry-ingestion-engine/build/tests
"PacketPool.ExhaustionReturnsError" start time: Aug 11 12:56 +03
Output:
----------------------------------------------------------
Running main() from /home/semih/Repository/zero-latency-telemetry-ingestion-engine/build/_deps/googletest-src/googletest/src/gtest_main.cc
Note: Google Test filter = PacketPool.ExhaustionReturnsError
[==========] Running 1 test from 1 test suite.
[----------] Global test environment set-up.
[----------] 1 test from PacketPool
[ RUN      ] PacketPool.ExhaustionReturnsError
[       OK ] PacketPool.ExhaustionReturnsError (0 ms)
[----------] 1 test from PacketPool (0 ms total)

[----------] Global test environment tear-down
[==========] 1 test from 1 test suite ran. (0 ms total)
[  PASSED  ] 1 test.
<end of output>
Test time =   0.03 sec
----------------------------------------------------------
Test Passed.
"PacketPool.ExhaustionReturnsError" end time: Aug 11 12:56 +03
"PacketPool.ExhaustionReturnsError" time elapsed: 00:00:00
----------------------------------------------------------

10/11 Testing: PacketPool.WrittenDataSurvivesRoundtrip
10/11 Test: PacketPool.WrittenDataSurvivesRoundtrip
Command: "/home/semih/Repository/zero-latency-telemetry-ingestion-engine/build/tests/zlte_tests" "--gtest_filter=PacketPool.WrittenDataSurvivesRoundtrip" "--gtest_also_run_disabled_tests"
Directory: /home/semih/Repository/zero-latency-telemetry-ingestion-engine/build/tests
"PacketPool.WrittenDataSurvivesRoundtrip" start time: Aug 11 12:56 +03
Output:
----------------------------------------------------------
Running main() from /home/semih/Repository/zero-latency-telemetry-ingestion-engine/build/_deps/googletest-src/googletest/src/gtest_main.cc
Note: Google Test filter = PacketPool.WrittenDataSurvivesRoundtrip
[==========] Running 1 test from 1 test suite.
[----------] Global test environment set-up.
[----------] 1 test from PacketPool
[ RUN      ] PacketPool.WrittenDataSurvivesRoundtrip
[       OK ] PacketPool.WrittenDataSurvivesRoundtrip (0 ms)
[----------] 1 test from PacketPool (0 ms total)

[----------] Global test environment tear-down
[==========] 1 test from 1 test suite ran. (0 ms total)
[  PASSED  ] 1 test.
<end of output>
Test time =   0.03 sec
----------------------------------------------------------
Test Passed.
"PacketPool.WrittenDataSurvivesRoundtrip" end time: Aug 11 12:56 +03
"PacketPool.WrittenDataSurvivesRoundtrip" time elapsed: 00:00:00
----------------------------------------------------------

11/11 Testing: PacketPool.ConcurrentAcquireRelease
11/11 Test: PacketPool.ConcurrentAcquireRelease
Command: "/home/semih/Repository/zero-latency-telemetry-ingestion-engine/build/tests/zlte_tests" "--gtest_filter=PacketPool.ConcurrentAcquireRelease" "--gtest_also_run_disabled_tests"
Directory: /home/semih/Repository/zero-latency-telemetry-ingestion-engine/build/tests
"PacketPool.ConcurrentAcquireRelease" start time: Aug 11 12:56 +03
Output:
----------------------------------------------------------
Running main() from /home/semih/Repository/zero-latency-telemetry-ingestion-engine/build/_deps/googletest-src/googletest/src/gtest_main.cc
Note: Google Test filter = PacketPool.ConcurrentAcquireRelease
[==========] Running 1 test from 1 test suite.
[----------] Global test environment set-up.
[----------] 1 test from PacketPool
[ RUN      ] PacketPool.ConcurrentAcquireRelease
[       OK ] PacketPool.ConcurrentAcquireRelease (366 ms)
[----------] 1 test from PacketPool (366 ms total)

[----------] Global test environment tear-down
[==========] 1 test from 1 test suite ran. (367 ms total)
[  PASSED  ] 1 test.
<end of output>
Test time =   0.40 sec
----------------------------------------------------------
Test Passed.
"PacketPool.ConcurrentAcquireRelease" end time: Aug 11 12:56 +03
"PacketPool.ConcurrentAcquireRelease" time elapsed: 00:00:00
----------------------------------------------------------

End testing: Aug 11 12:56 +03
